<?xml version="1.0" encoding="UTF-8"?>
<!-- Generated by org.testng.reporters.JUnitXMLReporter -->
<testsuite ignored="1" hostname="EC2AMAZ-S11DBRH" failures="0" tests="1" name="ModuleOneTest(failed)" time="7.362" errors="0" timestamp="2023-08-17T06:14:29 GMT">
  <testcase classname="TestScript.GoogleTestPage" name="searchCypressTest1" time="4.238"/>
  <testcase classname="TestScript.GoogleTestPage" name="searchJAvaTest" time="0.0">
    <ignored/>
  </testcase> <!-- searchJAvaTest -->
</testsuite> <!-- ModuleOneTest(failed) -->
