<?xml version="1.0" encoding="UTF-8"?>
<!-- Generated by org.testng.reporters.JUnitXMLReporter -->
<testsuite ignored="6" hostname="EC2AMAZ-S11DBRH" failures="0" tests="2" name="ModuleOneTest" time="0.098" errors="0" timestamp="2023-08-17T07:30:04 GMT">
  <testcase classname="TestScript.SampleThreeTest" name="testOne" time="0.013"/>
  <testcase classname="TestScript.SampleTestTwo" name="testOne" time="0.002"/>
  <testcase classname="TestScript.SampleTestTwo" name="testThree" time="0.0">
    <ignored/>
  </testcase> <!-- testThree -->
  <testcase classname="TestScript.SampleTestTwo" name="testFour" time="0.0">
    <ignored/>
  </testcase> <!-- testFour -->
  <testcase classname="TestScript.SampleThreeTest" name="testThree" time="0.0">
    <ignored/>
  </testcase> <!-- testThree -->
  <testcase classname="TestScript.SampleThreeTest" name="testFour" time="0.0">
    <ignored/>
  </testcase> <!-- testFour -->
  <testcase classname="TestScript.SampleThreeTest" name="testTwo" time="0.0">
    <ignored/>
  </testcase> <!-- testTwo -->
  <testcase classname="TestScript.SampleTestTwo" name="testTwo" time="0.0">
    <ignored/>
  </testcase> <!-- testTwo -->
</testsuite> <!-- ModuleOneTest -->
