<?xml version="1.0" encoding="UTF-8"?>
<testng-results ignored="6" total="8" passed="2" failed="0" skipped="0">
  <reporter-output>
  </reporter-output>
  <suite started-at="2023-08-17T07:30:04 GMT" name="SampleSuite" finished-at="2023-08-17T07:30:04 GMT" duration-ms="98">
    <groups>
      <group name="feature1">
        <method signature="SampleTestTwo.testOne()[pri:0, instance:TestScript.SampleTestTwo@32502377]" name="testOne" class="TestScript.SampleTestTwo"/>
        <method signature="SampleThreeTest.testOne()[pri:0, instance:TestScript.SampleThreeTest@5b03b9fe]" name="testOne" class="TestScript.SampleThreeTest"/>
      </group> <!-- feature1 -->
    </groups>
    <test started-at="2023-08-17T07:30:04 GMT" name="ModuleOneTest" finished-at="2023-08-17T07:30:04 GMT" duration-ms="98">
      <class name="TestScript.SampleTestTwo">
        <test-method signature="testOne()[pri:0, instance:TestScript.SampleTestTwo@32502377]" started-at="2023-08-17T07:30:04 GMT" name="testOne" finished-at="2023-08-17T07:30:04 GMT" duration-ms="2" status="PASS">
          <reporter-output>
          </reporter-output>
        </test-method> <!-- testOne -->
      </class> <!-- TestScript.SampleTestTwo -->
      <class name="TestScript.SampleThreeTest">
        <test-method signature="testOne()[pri:0, instance:TestScript.SampleThreeTest@5b03b9fe]" started-at="2023-08-17T07:30:04 GMT" name="testOne" finished-at="2023-08-17T07:30:04 GMT" duration-ms="13" status="PASS">
          <reporter-output>
          </reporter-output>
        </test-method> <!-- testOne -->
      </class> <!-- TestScript.SampleThreeTest -->
    </test> <!-- ModuleOneTest -->
  </suite> <!-- SampleSuite -->
</testng-results>
